Using pre-set license
Built from '6000.0/staging' branch; Version is '6000.0.31f1 (a206c360e2a8) revision 10618563'; Using compiler version '193933523'; Build Type 'Release'
OS: 'Windows 10  (10.0.19045) 64bit Education' Language: 'en' Physical Memory: 15761 MB
BatchMode: 1, IsHumanControllingUs: 0, StartBugReporterOnCrash: 0, Is64bit: 1, IsPro: 1

COMMAND LINE ARGUMENTS:
C:\Program Files\Unity\Hub\Editor\6000.0.31f1\Editor\Unity.exe
-adb2
-batchMode
-noUpm
-name
AssetImportWorker1
-projectPath
D:/Dowloads/JogoNath/Nath's Labyrinth
-logFile
Logs/AssetImportWorker1.log
-srvPort
56599
-job-worker-count
5
-background-job-worker-count
8
-gc-helper-count
1
Successfully changed project path to: D:/Dowloads/JogoNath/Nath's Labyrinth
D:/Dowloads/JogoNath/Nath's Labyrinth
[UnityMemory] Configuration Parameters - Can be set up in boot.config
    "memorysetup-bucket-allocator-granularity=16"
    "memorysetup-bucket-allocator-bucket-count=8"
    "memorysetup-bucket-allocator-block-size=33554432"
    "memorysetup-bucket-allocator-block-count=8"
    "memorysetup-main-allocator-block-size=16777216"
    "memorysetup-thread-allocator-block-size=16777216"
    "memorysetup-gfx-main-allocator-block-size=16777216"
    "memorysetup-gfx-thread-allocator-block-size=16777216"
    "memorysetup-cache-allocator-block-size=4194304"
    "memorysetup-typetree-allocator-block-size=2097152"
    "memorysetup-profiler-bucket-allocator-granularity=16"
    "memorysetup-profiler-bucket-allocator-bucket-count=8"
    "memorysetup-profiler-bucket-allocator-block-size=33554432"
    "memorysetup-profiler-bucket-allocator-block-count=8"
    "memorysetup-profiler-allocator-block-size=16777216"
    "memorysetup-profiler-editor-allocator-block-size=1048576"
    "memorysetup-temp-allocator-size-main=16777216"
    "memorysetup-job-temp-allocator-block-size=2097152"
    "memorysetup-job-temp-allocator-block-size-background=1048576"
    "memorysetup-job-temp-allocator-reduction-small-platforms=262144"
    "memorysetup-allocator-temp-initial-block-size-main=262144"
    "memorysetup-allocator-temp-initial-block-size-worker=262144"
    "memorysetup-temp-allocator-size-background-worker=32768"
    "memorysetup-temp-allocator-size-job-worker=262144"
    "memorysetup-temp-allocator-size-preload-manager=33554432"
    "memorysetup-temp-allocator-size-nav-mesh-worker=65536"
    "memorysetup-temp-allocator-size-audio-worker=65536"
    "memorysetup-temp-allocator-size-cloud-worker=32768"
    "memorysetup-temp-allocator-size-gi-baking-worker=262144"
    "memorysetup-temp-allocator-size-gi-baking-worker=262144"
    "memorysetup-temp-allocator-size-gi-baking-worker=262144"
    "memorysetup-temp-allocator-size-gi-baking-worker=262144"
    "memorysetup-temp-allocator-size-gi-baking-worker=262144"
    "memorysetup-temp-allocator-size-gfx=262144"
Player connection [30560]  Target information:

Player connection [30560]  * "[IP] 192.168.15.12 [Port] 0 [Flags] 2 [Guid] 3530152096 [EditorId] 3530152096 [Version] 1048832 [Id] WindowsEditor(7,DESKTOP-L2Q479F) [Debug] 1 [PackageName] WindowsEditor [ProjectName] Editor" 

Player connection [30560] Host joined multi-casting on [225.0.0.222:54997]...
Player connection [30560] Host joined alternative multi-casting on [225.0.0.222:34997]...
JobSystem: Creating JobQueue using job-worker-count value 5
[Physics::Module] Initialized fallback backend.
[Physics::Module] Id: 0xdecafbad
Library Redirect Path: Library/
[Physics::Module] Selected backend.
[Physics::Module] Name: PhysX
[Physics::Module] Id: 0xf2b8ea05
[Physics::Module] SDK Version: 4.1.2
[Physics::Module] Integration Version: 1.0.0
[Physics::Module] Threading Mode: Multi-Threaded
Refreshing native plugins compatible for Editor in 3.76 ms, found 4 plugins.
Preloading 0 native plugins for Editor in 0.00 ms.
Initialize engine version: 6000.0.31f1 (a206c360e2a8)
[Subsystems] Discovering subsystems at path C:/Program Files/Unity/Hub/Editor/6000.0.31f1/Editor/Data/Resources/UnitySubsystems
[Subsystems] Discovering subsystems at path D:/Dowloads/JogoNath/Nath's Labyrinth/Assets
GfxDevice: creating device client; kGfxThreadingModeNonThreaded
Direct3D:
    Version:  Direct3D 11.0 [level 11.1]
    Renderer: AMD Radeon RX 6700 XT (ID=0x73df)
    Vendor:   ATI
    VRAM:     12243 MB
    Driver:   32.0.21001.9024
Initialize mono
Mono path[0] = 'C:/Program Files/Unity/Hub/Editor/6000.0.31f1/Editor/Data/Managed'
Mono path[1] = 'C:/Program Files/Unity/Hub/Editor/6000.0.31f1/Editor/Data/MonoBleedingEdge/lib/mono/unityjit-win32'
Mono config path = 'C:/Program Files/Unity/Hub/Editor/6000.0.31f1/Editor/Data/MonoBleedingEdge/etc'
Using monoOptions --debugger-agent=transport=dt_socket,embedding=1,server=y,suspend=n,address=127.0.0.1:56676
Begin MonoManager ReloadAssembly
Registering precompiled unity dll's ...
Register platform support module: C:/Program Files/Unity/Hub/Editor/6000.0.31f1/Editor/Data/PlaybackEngines/WebGLSupport/UnityEditor.WebGL.Extensions.dll
Register platform support module: C:/Program Files/Unity/Hub/Editor/6000.0.31f1/Editor/Data/PlaybackEngines/WindowsStandaloneSupport/UnityEditor.WindowsStandalone.Extensions.dll
Registered in 0.005150 seconds.
- Loaded All Assemblies, in  0.430 seconds
Native extension for WindowsStandalone target not found
Native extension for WebGL target not found
Mono: successfully reloaded assembly
- Finished resetting the current domain, in  0.399 seconds
Domain Reload Profiling: 826ms
	BeginReloadAssembly (156ms)
		ExecutionOrderSort (0ms)
		DisableScriptedObjects (0ms)
		BackupInstance (0ms)
		ReleaseScriptingObjects (0ms)
		CreateAndSetChildDomain (1ms)
	RebuildCommonClasses (40ms)
	RebuildNativeTypeToScriptingClass (12ms)
	initialDomainReloadingComplete (60ms)
	LoadAllAssembliesAndSetupDomain (158ms)
		LoadAssemblies (152ms)
		RebuildTransferFunctionScriptingTraits (0ms)
		AnalyzeDomain (154ms)
			TypeCache.Refresh (153ms)
				TypeCache.ScanAssembly (139ms)
			BuildScriptInfoCaches (0ms)
			ResolveRequiredComponents (1ms)
	FinalizeReload (400ms)
		ReleaseScriptCaches (0ms)
		RebuildScriptCaches (0ms)
		SetupLoadedEditorAssemblies (363ms)
			LogAssemblyErrors (0ms)
			InitializePlatformSupportModulesInManaged (32ms)
			SetLoadedEditorAssemblies (4ms)
			BeforeProcessingInitializeOnLoad (59ms)
			ProcessInitializeOnLoadAttributes (190ms)
			ProcessInitializeOnLoadMethodAttributes (76ms)
			AfterProcessingInitializeOnLoad (0ms)
			EditorAssembliesLoaded (0ms)
		ExecutionOrderSort2 (0ms)
		AwakeInstancesAfterBackupRestoration (0ms)
========================================================================
Worker process is ready to serve import requests
Import Worker Mode flag is 0x00
Begin MonoManager ReloadAssembly
- Loaded All Assemblies, in  0.836 seconds
Refreshing native plugins compatible for Editor in 1.83 ms, found 4 plugins.
Native extension for WindowsStandalone target not found
Native extension for WebGL target not found
Mono: successfully reloaded assembly
- Finished resetting the current domain, in  0.862 seconds
Domain Reload Profiling: 1695ms
	BeginReloadAssembly (188ms)
		ExecutionOrderSort (0ms)
		DisableScriptedObjects (8ms)
		BackupInstance (0ms)
		ReleaseScriptingObjects (0ms)
		CreateAndSetChildDomain (38ms)
	RebuildCommonClasses (37ms)
	RebuildNativeTypeToScriptingClass (11ms)
	initialDomainReloadingComplete (40ms)
	LoadAllAssembliesAndSetupDomain (557ms)
		LoadAssemblies (392ms)
		RebuildTransferFunctionScriptingTraits (0ms)
		AnalyzeDomain (270ms)
			TypeCache.Refresh (190ms)
				TypeCache.ScanAssembly (174ms)
			BuildScriptInfoCaches (67ms)
			ResolveRequiredComponents (11ms)
	FinalizeReload (863ms)
		ReleaseScriptCaches (0ms)
		RebuildScriptCaches (0ms)
		SetupLoadedEditorAssemblies (717ms)
			LogAssemblyErrors (0ms)
			InitializePlatformSupportModulesInManaged (4ms)
			SetLoadedEditorAssemblies (6ms)
			BeforeProcessingInitializeOnLoad (141ms)
			ProcessInitializeOnLoadAttributes (427ms)
			ProcessInitializeOnLoadMethodAttributes (131ms)
			AfterProcessingInitializeOnLoad (9ms)
			EditorAssembliesLoaded (0ms)
		ExecutionOrderSort2 (0ms)
		AwakeInstancesAfterBackupRestoration (6ms)
Launched and connected shader compiler UnityShaderCompiler.exe after 0.02 seconds
Refreshing native plugins compatible for Editor in 1.81 ms, found 4 plugins.
Preloading 0 native plugins for Editor in 0.00 ms.
Unloading 207 Unused Serialized files (Serialized files now loaded: 0)
Unloading 6562 unused Assets / (4.9 MB). Loaded Objects now: 7246.
Memory consumption went from 173.6 MB to 168.8 MB.
Total: 9.422900 ms (FindLiveObjects: 0.792800 ms CreateObjectMapping: 0.862800 ms MarkObjects: 4.826700 ms  DeleteObjects: 2.939600 ms)

========================================================================
Received Import Request.
  Time since last request: 166479.116345 seconds.
  path: Assets/karsiori/Sprites/Pixel Art Key Pack - Animated/Key 8/GOLD/Key 8 - GOLD - frame0002.png
  artifactKey: Guid(0b7e4b94c3eb0de45934d02840d3144d) Importer(815301076,1909f56bfc062723c751e8b465ee728b)
Start importing Assets/karsiori/Sprites/Pixel Art Key Pack - Animated/Key 8/GOLD/Key 8 - GOLD - frame0002.png using Guid(0b7e4b94c3eb0de45934d02840d3144d) Importer(815301076,1909f56bfc062723c751e8b465ee728b) (PreviewImporter) -> (artifact id: 'ab1f7522930c677e313896232bc5e848') in 0.1520502 seconds
Number of updated asset objects reloaded before import = 0Number of asset objects unloaded after import = 3

========================================================================
Received Import Request.
  Time since last request: 0.000026 seconds.
  path: Assets/karsiori/Sprites/Pixel Art Key Pack - Animated/Key 7/SILVER/Key 7 - SILVER - frame0017.png
  artifactKey: Guid(7f0cf9c2298175a4f96d9c35c90b3f70) Importer(815301076,1909f56bfc062723c751e8b465ee728b)
Start importing Assets/karsiori/Sprites/Pixel Art Key Pack - Animated/Key 7/SILVER/Key 7 - SILVER - frame0017.png using Guid(7f0cf9c2298175a4f96d9c35c90b3f70) Importer(815301076,1909f56bfc062723c751e8b465ee728b) (PreviewImporter) -> (artifact id: '36edcca52da994dffc80a49a58cf7016') in 0.0236399 seconds
Number of updated asset objects reloaded before import = 0Number of asset objects unloaded after import = 3

========================================================================
Received Import Request.
  Time since last request: 0.001936 seconds.
  path: Assets/karsiori/Sprites/Pixel Art Key Pack - Animated/Key 8/CURSE/Key 8 - CURSE - frame0018.png
  artifactKey: Guid(105223b89de781b41be929c525c057ac) Importer(815301076,1909f56bfc062723c751e8b465ee728b)
Start importing Assets/karsiori/Sprites/Pixel Art Key Pack - Animated/Key 8/CURSE/Key 8 - CURSE - frame0018.png using Guid(105223b89de781b41be929c525c057ac) Importer(815301076,1909f56bfc062723c751e8b465ee728b) (PreviewImporter) -> (artifact id: '006e5ce251afc5362dd4fc1531e1a0da') in 0.0212485 seconds
Number of updated asset objects reloaded before import = 0Number of asset objects unloaded after import = 3

========================================================================
Received Import Request.
  Time since last request: 0.000014 seconds.
  path: Assets/karsiori/Sprites/Pixel Art Key Pack - Animated/Key 8/Key 8 - CURSE - Spritesheet.png
  artifactKey: Guid(383af9885ee1a194485ddf471e0d78bb) Importer(815301076,1909f56bfc062723c751e8b465ee728b)
Start importing Assets/karsiori/Sprites/Pixel Art Key Pack - Animated/Key 8/Key 8 - CURSE - Spritesheet.png using Guid(383af9885ee1a194485ddf471e0d78bb) Importer(815301076,1909f56bfc062723c751e8b465ee728b) (PreviewImporter) -> (artifact id: '0bc941c4506f446e6b3e6f02cfdbc9d8') in 0.0145477 seconds
Number of updated asset objects reloaded before import = 0Number of asset objects unloaded after import = 3

========================================================================
Received Import Request.
  Time since last request: 0.000017 seconds.
  path: Assets/karsiori/Sprites/Pixel Art Key Pack - Animated/Key 7/BRONZE/Key 7 - BRONZE - frame0001.png
  artifactKey: Guid(4e109515aa5023e4e909e477fd13982b) Importer(815301076,1909f56bfc062723c751e8b465ee728b)
Start importing Assets/karsiori/Sprites/Pixel Art Key Pack - Animated/Key 7/BRONZE/Key 7 - BRONZE - frame0001.png using Guid(4e109515aa5023e4e909e477fd13982b) Importer(815301076,1909f56bfc062723c751e8b465ee728b) (PreviewImporter) -> (artifact id: 'edc86471e838aef4e2daef7766aa0f30') in 0.0149435 seconds
Number of updated asset objects reloaded before import = 0Number of asset objects unloaded after import = 3

========================================================================
Received Import Request.
  Time since last request: 0.000037 seconds.
  path: Assets/karsiori/Sprites/Pixel Art Key Pack - Animated/Key 7/GREY/Key 7 - GREY - frame0007.png
  artifactKey: Guid(f3d7a586bb3c0f44985681f6705a89b1) Importer(815301076,1909f56bfc062723c751e8b465ee728b)
Start importing Assets/karsiori/Sprites/Pixel Art Key Pack - Animated/Key 7/GREY/Key 7 - GREY - frame0007.png using Guid(f3d7a586bb3c0f44985681f6705a89b1) Importer(815301076,1909f56bfc062723c751e8b465ee728b) (PreviewImporter) -> (artifact id: '6f206c6d80df2cb79302ef82a6318d0b') in 0.0170995 seconds
Number of updated asset objects reloaded before import = 0Number of asset objects unloaded after import = 3

========================================================================
Received Import Request.
  Time since last request: 0.000019 seconds.
  path: Assets/karsiori/Sprites/Pixel Art Key Pack - Animated/Key 7/GREY/Key 7 - GREY - frame0010.png
  artifactKey: Guid(0055def2f8924074887b25e3dec92105) Importer(815301076,1909f56bfc062723c751e8b465ee728b)
Start importing Assets/karsiori/Sprites/Pixel Art Key Pack - Animated/Key 7/GREY/Key 7 - GREY - frame0010.png using Guid(0055def2f8924074887b25e3dec92105) Importer(815301076,1909f56bfc062723c751e8b465ee728b) (PreviewImporter) -> (artifact id: 'ab43ddcbea50bf8cb0b087b3cc3fc1ea') in 0.0325859 seconds
Number of updated asset objects reloaded before import = 0Number of asset objects unloaded after import = 3

========================================================================
Received Import Request.
  Time since last request: 0.000013 seconds.
  path: Assets/karsiori/Sprites/Pixel Art Key Pack - Animated/Key 7/GOLD/Key 7 - GOLD - frame0017.png
  artifactKey: Guid(6e5442722875bc441b13399c690f1eb3) Importer(815301076,1909f56bfc062723c751e8b465ee728b)
Start importing Assets/karsiori/Sprites/Pixel Art Key Pack - Animated/Key 7/GOLD/Key 7 - GOLD - frame0017.png using Guid(6e5442722875bc441b13399c690f1eb3) Importer(815301076,1909f56bfc062723c751e8b465ee728b) (PreviewImporter) -> (artifact id: 'b9f1b961ea2c3c92b242886f1062ac97') in 0.0158713 seconds
Number of updated asset objects reloaded before import = 0Number of asset objects unloaded after import = 3

========================================================================
Received Import Request.
  Time since last request: 0.000018 seconds.
  path: Assets/karsiori/Sprites/Pixel Art Key Pack - Animated/Key 8/CURSE/Key 8 - CURSE - frame0008.png
  artifactKey: Guid(48744e9edb9247248b6d580737f89c08) Importer(815301076,1909f56bfc062723c751e8b465ee728b)
Start importing Assets/karsiori/Sprites/Pixel Art Key Pack - Animated/Key 8/CURSE/Key 8 - CURSE - frame0008.png using Guid(48744e9edb9247248b6d580737f89c08) Importer(815301076,1909f56bfc062723c751e8b465ee728b) (PreviewImporter) -> (artifact id: '6150007b4b62e018116cfb6eadc93245') in 0.0163626 seconds
Number of updated asset objects reloaded before import = 0Number of asset objects unloaded after import = 3

========================================================================
Received Import Request.
  Time since last request: 0.000034 seconds.
  path: Assets/karsiori/Sprites/Pixel Art Key Pack - Animated/Key 7/BRONZE/Key 7 - BRONZE - frame0002.png
  artifactKey: Guid(3c691eafa65941e4191fb8d74b8360f1) Importer(815301076,1909f56bfc062723c751e8b465ee728b)
Start importing Assets/karsiori/Sprites/Pixel Art Key Pack - Animated/Key 7/BRONZE/Key 7 - BRONZE - frame0002.png using Guid(3c691eafa65941e4191fb8d74b8360f1) Importer(815301076,1909f56bfc062723c751e8b465ee728b) (PreviewImporter) -> (artifact id: 'f00e5b46c50b16d18477e54b95676cab') in 0.0245092 seconds
Number of updated asset objects reloaded before import = 0Number of asset objects unloaded after import = 3

========================================================================
Received Import Request.
  Time since last request: 0.000016 seconds.
  path: Assets/karsiori/Sprites/Pixel Art Key Pack - Animated/Key 7/GREY/Key 7 - GREY - frame0008.png
  artifactKey: Guid(aa626895c48be6842b004e85a154b259) Importer(815301076,1909f56bfc062723c751e8b465ee728b)
Start importing Assets/karsiori/Sprites/Pixel Art Key Pack - Animated/Key 7/GREY/Key 7 - GREY - frame0008.png using Guid(aa626895c48be6842b004e85a154b259) Importer(815301076,1909f56bfc062723c751e8b465ee728b) (PreviewImporter) -> (artifact id: '735a5c9c4b5082b6097b60802855cfed') in 0.0158203 seconds
Number of updated asset objects reloaded before import = 0Number of asset objects unloaded after import = 3

========================================================================
Received Import Request.
  Time since last request: 0.000017 seconds.
  path: Assets/karsiori/Sprites/Pixel Art Key Pack - Animated/Key 7/BRONZE/Key 7 - BRONZE - frame0004.png
  artifactKey: Guid(a5da2adc88d179544997b09b6941e452) Importer(815301076,1909f56bfc062723c751e8b465ee728b)
Start importing Assets/karsiori/Sprites/Pixel Art Key Pack - Animated/Key 7/BRONZE/Key 7 - BRONZE - frame0004.png using Guid(a5da2adc88d179544997b09b6941e452) Importer(815301076,1909f56bfc062723c751e8b465ee728b) (PreviewImporter) -> (artifact id: '40c7cd0516fe78ff7aadb596c8fa8385') in 0.0156142 seconds
Number of updated asset objects reloaded before import = 0Number of asset objects unloaded after import = 3

========================================================================
Received Import Request.
  Time since last request: 0.000019 seconds.
  path: Assets/karsiori/Sprites/Pixel Art Key Pack - Animated/Key 8/GOLD/Key 8 - GOLD - frame0000.png
  artifactKey: Guid(df6e24c39dcd37f448103566302a398c) Importer(815301076,1909f56bfc062723c751e8b465ee728b)
Start importing Assets/karsiori/Sprites/Pixel Art Key Pack - Animated/Key 8/GOLD/Key 8 - GOLD - frame0000.png using Guid(df6e24c39dcd37f448103566302a398c) Importer(815301076,1909f56bfc062723c751e8b465ee728b) (PreviewImporter) -> (artifact id: '40bb7056df8bf83db521d07a4f4bbf8e') in 0.0181394 seconds
Number of updated asset objects reloaded before import = 0Number of asset objects unloaded after import = 3

========================================================================
Received Import Request.
  Time since last request: 0.000026 seconds.
  path: Assets/karsiori/Sprites/Pixel Art Key Pack - Animated/Key 7/GREY/Key 7 - GREY - frame0009.png
  artifactKey: Guid(9e9ac1294a67d9b4f8cec0b594cecfae) Importer(815301076,1909f56bfc062723c751e8b465ee728b)
Start importing Assets/karsiori/Sprites/Pixel Art Key Pack - Animated/Key 7/GREY/Key 7 - GREY - frame0009.png using Guid(9e9ac1294a67d9b4f8cec0b594cecfae) Importer(815301076,1909f56bfc062723c751e8b465ee728b) (PreviewImporter) -> (artifact id: '2f5fa0ff0f45ed94f0004821f440d32f') in 0.0649911 seconds
Number of updated asset objects reloaded before import = 0Number of asset objects unloaded after import = 3

========================================================================
Received Import Request.
  Time since last request: 0.000013 seconds.
  path: Assets/karsiori/Sprites/Pixel Art Key Pack - Animated/Key 7/BRONZE/Key 7 - BRONZE - frame0007.png
  artifactKey: Guid(77714a9d202cb1240b5f944aed70169f) Importer(815301076,1909f56bfc062723c751e8b465ee728b)
Start importing Assets/karsiori/Sprites/Pixel Art Key Pack - Animated/Key 7/BRONZE/Key 7 - BRONZE - frame0007.png using Guid(77714a9d202cb1240b5f944aed70169f) Importer(815301076,1909f56bfc062723c751e8b465ee728b) (PreviewImporter) -> (artifact id: '460c57b715c229f956e35cc4cff5c417') in 0.0110934 seconds
Number of updated asset objects reloaded before import = 0Number of asset objects unloaded after import = 3

========================================================================
Received Import Request.
  Time since last request: 0.000017 seconds.
  path: Assets/karsiori/Sprites/Pixel Art Key Pack - Animated/Key 8/CURSE/Key 8 - CURSE - frame0021.png
  artifactKey: Guid(b73bbf6924225ae4fb11989ac465cbf7) Importer(815301076,1909f56bfc062723c751e8b465ee728b)
Start importing Assets/karsiori/Sprites/Pixel Art Key Pack - Animated/Key 8/CURSE/Key 8 - CURSE - frame0021.png using Guid(b73bbf6924225ae4fb11989ac465cbf7) Importer(815301076,1909f56bfc062723c751e8b465ee728b) (PreviewImporter) -> (artifact id: 'f84659558d62780558a96a20adbeb3d7') in 0.0461935 seconds
Number of updated asset objects reloaded before import = 0Number of asset objects unloaded after import = 3

========================================================================
Received Import Request.
  Time since last request: 0.000020 seconds.
  path: Assets/karsiori/Sprites/Pixel Art Key Pack - Animated/Key 7/GREY/Key 7 - GREY - frame0003.png
  artifactKey: Guid(d71764fcebba11440a8344c10c8eb681) Importer(815301076,1909f56bfc062723c751e8b465ee728b)
Start importing Assets/karsiori/Sprites/Pixel Art Key Pack - Animated/Key 7/GREY/Key 7 - GREY - frame0003.png using Guid(d71764fcebba11440a8344c10c8eb681) Importer(815301076,1909f56bfc062723c751e8b465ee728b) (PreviewImporter) -> (artifact id: '3158785cf16412b849c8cc1d6a37a83e') in 0.0192048 seconds
Number of updated asset objects reloaded before import = 0Number of asset objects unloaded after import = 3

========================================================================
Received Import Request.
  Time since last request: 0.000031 seconds.
  path: Assets/karsiori/Sprites/Pixel Art Key Pack - Animated/Key 7/GREY/Key 7 - GREY - frame0011.png
  artifactKey: Guid(e723a5a323f85f44a99d5b63c6fbad25) Importer(815301076,1909f56bfc062723c751e8b465ee728b)
Start importing Assets/karsiori/Sprites/Pixel Art Key Pack - Animated/Key 7/GREY/Key 7 - GREY - frame0011.png using Guid(e723a5a323f85f44a99d5b63c6fbad25) Importer(815301076,1909f56bfc062723c751e8b465ee728b) (PreviewImporter) -> (artifact id: '34bfdf1d2cb85f3b16c75be2a462c31f') in 0.0164711 seconds
Number of updated asset objects reloaded before import = 0Number of asset objects unloaded after import = 3

========================================================================
Received Import Request.
  Time since last request: 0.000022 seconds.
  path: Assets/karsiori/Sprites/Pixel Art Key Pack - Animated/Key 8/GOLD/Key 8 - GOLD - frame0003.png
  artifactKey: Guid(3872fdeb18083e1439d37a6283fb7e87) Importer(815301076,1909f56bfc062723c751e8b465ee728b)
Start importing Assets/karsiori/Sprites/Pixel Art Key Pack - Animated/Key 8/GOLD/Key 8 - GOLD - frame0003.png using Guid(3872fdeb18083e1439d37a6283fb7e87) Importer(815301076,1909f56bfc062723c751e8b465ee728b) (PreviewImporter) -> (artifact id: '33171939c542e23e09f60e18a88ad042') in 0.0169627 seconds
Number of updated asset objects reloaded before import = 0Number of asset objects unloaded after import = 3

========================================================================
Received Import Request.
  Time since last request: 0.000013 seconds.
  path: Assets/karsiori/Sprites/Pixel Art Key Pack - Animated/Key 7/GREY/Key 7 - GREY - frame0002.png
  artifactKey: Guid(8f8fc021d5a03274eb410c55e7d45a40) Importer(815301076,1909f56bfc062723c751e8b465ee728b)
Start importing Assets/karsiori/Sprites/Pixel Art Key Pack - Animated/Key 7/GREY/Key 7 - GREY - frame0002.png using Guid(8f8fc021d5a03274eb410c55e7d45a40) Importer(815301076,1909f56bfc062723c751e8b465ee728b) (PreviewImporter) -> (artifact id: '0caa56d35d1479e3c22fb6aead5b2f3e') in 0.0146936 seconds
Number of updated asset objects reloaded before import = 0Number of asset objects unloaded after import = 3

========================================================================
Received Import Request.
  Time since last request: 0.525281 seconds.
  path: Assets/karsiori/Sprites/Pixel Art Key Pack - Animated/Key 7/GOLD/Key 7 - GOLD - frame0011.png
  artifactKey: Guid(f517d4f31436e4149b5bd9eb99495569) Importer(815301076,1909f56bfc062723c751e8b465ee728b)
Start importing Assets/karsiori/Sprites/Pixel Art Key Pack - Animated/Key 7/GOLD/Key 7 - GOLD - frame0011.png using Guid(f517d4f31436e4149b5bd9eb99495569) Importer(815301076,1909f56bfc062723c751e8b465ee728b) (PreviewImporter) -> (artifact id: '7a1c94d46b2aebcf4ebac8cf436c1bd5') in 0.0072636 seconds
Number of updated asset objects reloaded before import = 0Number of asset objects unloaded after import = 3

========================================================================
Received Import Request.
  Time since last request: 11.031472 seconds.
  path: Assets/karsiori/Sprites/Pixel Art Key Pack - Animated/Key 15/GOLD/Key 15 - GOLD - frame0023.png
  artifactKey: Guid(85f56d28c2137404582abbbe288dc6ee) Importer(815301076,1909f56bfc062723c751e8b465ee728b)
Start importing Assets/karsiori/Sprites/Pixel Art Key Pack - Animated/Key 15/GOLD/Key 15 - GOLD - frame0023.png using Guid(85f56d28c2137404582abbbe288dc6ee) Importer(815301076,1909f56bfc062723c751e8b465ee728b) (PreviewImporter) -> (artifact id: '96da6a391b28c5778507e324acddcdb5') in 0.0169616 seconds
Number of updated asset objects reloaded before import = 0Number of asset objects unloaded after import = 3

========================================================================
Received Import Request.
  Time since last request: 2.443165 seconds.
  path: Assets/karsiori/Sprites/Pixel Art Key Pack - Animated/Key 15/GOLD/Key 15 - GOLD - frame0033.png
  artifactKey: Guid(dba60c267845b8c4ba1520f33af47221) Importer(815301076,1909f56bfc062723c751e8b465ee728b)
Start importing Assets/karsiori/Sprites/Pixel Art Key Pack - Animated/Key 15/GOLD/Key 15 - GOLD - frame0033.png using Guid(dba60c267845b8c4ba1520f33af47221) Importer(815301076,1909f56bfc062723c751e8b465ee728b) (PreviewImporter) -> (artifact id: '90b03c9713a64b1fb63a08c1afe82f46') in 0.014537 seconds
Number of updated asset objects reloaded before import = 0Number of asset objects unloaded after import = 3

========================================================================
Received Import Request.
  Time since last request: 0.410282 seconds.
  path: Assets/karsiori/Sprites/Pixel Art Key Pack - Animated/Key 15/GOLD/Key 15 - GOLD - frame0013.png
  artifactKey: Guid(9a6c996e1d7303c49881b8938053a42c) Importer(815301076,1909f56bfc062723c751e8b465ee728b)
Start importing Assets/karsiori/Sprites/Pixel Art Key Pack - Animated/Key 15/GOLD/Key 15 - GOLD - frame0013.png using Guid(9a6c996e1d7303c49881b8938053a42c) Importer(815301076,1909f56bfc062723c751e8b465ee728b) (PreviewImporter) -> (artifact id: 'f0ee251cb28d80bd71626f0a82f45b6a') in 0.0204175 seconds
Number of updated asset objects reloaded before import = 0Number of asset objects unloaded after import = 3

========================================================================
Received Import Request.
  Time since last request: 0.000019 seconds.
  path: Assets/karsiori/Sprites/Pixel Art Key Pack - Animated/Key 15/GOLD/Key 15 - GOLD - frame0015.png
  artifactKey: Guid(4f1c5fc21001103438ee5888984dece5) Importer(815301076,1909f56bfc062723c751e8b465ee728b)
Start importing Assets/karsiori/Sprites/Pixel Art Key Pack - Animated/Key 15/GOLD/Key 15 - GOLD - frame0015.png using Guid(4f1c5fc21001103438ee5888984dece5) Importer(815301076,1909f56bfc062723c751e8b465ee728b) (PreviewImporter) -> (artifact id: '030ad418b72cd6b0a7f654b386bde3cf') in 0.0085397 seconds
Number of updated asset objects reloaded before import = 0Number of asset objects unloaded after import = 3

========================================================================
Received Import Request.
  Time since last request: 0.087087 seconds.
  path: Assets/karsiori/Sprites/Pixel Art Key Pack - Animated/Key 15/GOLD/Key 15 - GOLD - frame0008.png
  artifactKey: Guid(656fc0f7420012b4984736881d2bcaba) Importer(815301076,1909f56bfc062723c751e8b465ee728b)
Start importing Assets/karsiori/Sprites/Pixel Art Key Pack - Animated/Key 15/GOLD/Key 15 - GOLD - frame0008.png using Guid(656fc0f7420012b4984736881d2bcaba) Importer(815301076,1909f56bfc062723c751e8b465ee728b) (PreviewImporter) -> (artifact id: '21f0b54293d78bfe3699b5e11f5c96de') in 0.0070597 seconds
Number of updated asset objects reloaded before import = 0Number of asset objects unloaded after import = 3

========================================================================
Received Import Request.
  Time since last request: 0.685152 seconds.
  path: Assets/karsiori/Sprites/Pixel Art Key Pack - Animated/Key 15/BRONZE/Key 15 - BRONZE - frame0044.png
  artifactKey: Guid(57dcc7c71a0549f42b98cdcbe32802f8) Importer(815301076,1909f56bfc062723c751e8b465ee728b)
Start importing Assets/karsiori/Sprites/Pixel Art Key Pack - Animated/Key 15/BRONZE/Key 15 - BRONZE - frame0044.png using Guid(57dcc7c71a0549f42b98cdcbe32802f8) Importer(815301076,1909f56bfc062723c751e8b465ee728b) (PreviewImporter) -> (artifact id: '326e427f70c0466a1086fc872f8a0dae') in 0.0140713 seconds
Number of updated asset objects reloaded before import = 0Number of asset objects unloaded after import = 3

========================================================================
Received Import Request.
  Time since last request: 1.088636 seconds.
  path: Assets/karsiori/Sprites/Pixel Art Key Pack - Animated/Key 15/BRONZE/Key 15 - BRONZE - frame0029.png
  artifactKey: Guid(48d94ebd25f4f5b4fbbb8fd5385846c3) Importer(815301076,1909f56bfc062723c751e8b465ee728b)
Start importing Assets/karsiori/Sprites/Pixel Art Key Pack - Animated/Key 15/BRONZE/Key 15 - BRONZE - frame0029.png using Guid(48d94ebd25f4f5b4fbbb8fd5385846c3) Importer(815301076,1909f56bfc062723c751e8b465ee728b) (PreviewImporter) -> (artifact id: 'cb19d58fbd3be62ee8e2c700c81e13ca') in 0.0093414 seconds
Number of updated asset objects reloaded before import = 0Number of asset objects unloaded after import = 3

========================================================================
Received Import Request.
  Time since last request: 0.760575 seconds.
  path: Assets/karsiori/Sprites/Pixel Art Key Pack - Animated/Key 15/BRONZE/Key 15 - BRONZE - frame0016.png
  artifactKey: Guid(fd17210428e151d4ea0154c4b742847b) Importer(815301076,1909f56bfc062723c751e8b465ee728b)
Start importing Assets/karsiori/Sprites/Pixel Art Key Pack - Animated/Key 15/BRONZE/Key 15 - BRONZE - frame0016.png using Guid(fd17210428e151d4ea0154c4b742847b) Importer(815301076,1909f56bfc062723c751e8b465ee728b) (PreviewImporter) -> (artifact id: 'fce1b99df4d585c8ed28c1a12dde1e61') in 0.0502825 seconds
Number of updated asset objects reloaded before import = 0Number of asset objects unloaded after import = 3

========================================================================
Received Import Request.
  Time since last request: 0.108052 seconds.
  path: Assets/karsiori/Sprites/Pixel Art Key Pack - Animated/Key 15/BRONZE/Key 15 - BRONZE - frame0022.png
  artifactKey: Guid(60f4f606f7d307d4fb11d6d5a0a7ddaa) Importer(815301076,1909f56bfc062723c751e8b465ee728b)
Start importing Assets/karsiori/Sprites/Pixel Art Key Pack - Animated/Key 15/BRONZE/Key 15 - BRONZE - frame0022.png using Guid(60f4f606f7d307d4fb11d6d5a0a7ddaa) Importer(815301076,1909f56bfc062723c751e8b465ee728b) (PreviewImporter) -> (artifact id: '5c74465bfd29f70590d4b987640e868d') in 0.0154367 seconds
Number of updated asset objects reloaded before import = 0Number of asset objects unloaded after import = 3

========================================================================
Received Import Request.
  Time since last request: 2.604324 seconds.
  path: Assets/karsiori/Sprites/Pixel Art Key Pack - Animated/Key 5/BRONZE/Key 5 - BRONZE - frame0007.png
  artifactKey: Guid(872bd8853f23ea248aabb4fc1c1bc6c1) Importer(815301076,1909f56bfc062723c751e8b465ee728b)
Start importing Assets/karsiori/Sprites/Pixel Art Key Pack - Animated/Key 5/BRONZE/Key 5 - BRONZE - frame0007.png using Guid(872bd8853f23ea248aabb4fc1c1bc6c1) Importer(815301076,1909f56bfc062723c751e8b465ee728b) (PreviewImporter) -> (artifact id: '5ccc82ff341337febcab9d868aa49882') in 0.0144117 seconds
Number of updated asset objects reloaded before import = 0Number of asset objects unloaded after import = 3

========================================================================
Received Import Request.
  Time since last request: 0.315091 seconds.
  path: Assets/karsiori/Sprites/Pixel Art Key Pack - Animated/Key 5/BRONZE/Key 5 - BRONZE - frame0015.png
  artifactKey: Guid(8046d854f0dfbbe4bb166567d84f6925) Importer(815301076,1909f56bfc062723c751e8b465ee728b)
Start importing Assets/karsiori/Sprites/Pixel Art Key Pack - Animated/Key 5/BRONZE/Key 5 - BRONZE - frame0015.png using Guid(8046d854f0dfbbe4bb166567d84f6925) Importer(815301076,1909f56bfc062723c751e8b465ee728b) (PreviewImporter) -> (artifact id: 'cbde267727c16ba0d566f76c614bc4d1') in 0.0136974 seconds
Number of updated asset objects reloaded before import = 0Number of asset objects unloaded after import = 3

========================================================================
Received Import Request.
  Time since last request: 3.820978 seconds.
  path: Assets/karsiori/Sprites/Pixel Art Key Pack - Animated/Key 5/GREY/Key 5 - GREY - frame0003.png
  artifactKey: Guid(8de26378e4a509942b289c7ea3080b0a) Importer(815301076,1909f56bfc062723c751e8b465ee728b)
Start importing Assets/karsiori/Sprites/Pixel Art Key Pack - Animated/Key 5/GREY/Key 5 - GREY - frame0003.png using Guid(8de26378e4a509942b289c7ea3080b0a) Importer(815301076,1909f56bfc062723c751e8b465ee728b) (PreviewImporter) -> (artifact id: '0022687e5fa50e267a67ab2b93a766db') in 0.013814 seconds
Number of updated asset objects reloaded before import = 0Number of asset objects unloaded after import = 3

Editor requested this worker to shutdown with reason: Scaling down because of idle timeout
AssetImportWorker is now disconnected from the server
Process exiting
Exiting without the bug reporter. Application will terminate with return code 0